<?xml version="1.0" encoding="UTF-8"?>
<!-- Generated by org.testng.reporters.JUnitXMLReporter -->
<testsuite ignored="5" hostname="LAPTOP-AA8JA6P5" failures="0" tests="2" name="Test" time="37.973" errors="0" timestamp="2026-06-09T11:11:03 IST">
  <testcase classname="testcases.TC_01_AddProductToCartTest" name="AddProductToCartTest" time="5.775"/>
  <testcase classname="testcases.TC_03_UseDropDownFilterTest" name="UseDropDownFilterTest" time="16.065"/>
  <testcase classname="basetest.BaseClass" name="@BeforeSuite beforeSuite" time="0.0">
    <ignored/>
  </testcase> <!-- @BeforeSuite beforeSuite -->
  <testcase classname="testcases.TC_02_AddLowestProductToCartTest" name="AddLowestProductToCartTest" time="0.0">
    <ignored/>
  </testcase> <!-- AddLowestProductToCartTest -->
  <testcase classname="basetest.BaseClass" name="@AfterSuite afterSuite" time="0.0">
    <ignored/>
  </testcase> <!-- @AfterSuite afterSuite -->
  <testcase classname="basetest.BaseClass" name="@AfterSuite afterSuite" time="0.0">
    <ignored/>
  </testcase> <!-- @AfterSuite afterSuite -->
  <testcase classname="basetest.BaseClass" name="@BeforeSuite beforeSuite" time="0.0">
    <ignored/>
  </testcase> <!-- @BeforeSuite beforeSuite -->
</testsuite> <!-- Test -->
