<?xml version="1.0" encoding="UTF-8"?>
<!-- Generated by org.testng.reporters.JUnitReportReporter -->
<testsuite hostname="LAPTOP-AA8JA6P5" failures="0" tests="3" name="testng.Enable04" time="0.077" errors="0" timestamp="2026-06-04T11:05:17 IST" skipped="1">
  <testcase classname="testng.Enable04" name="sub" time="0.068">
    <system-out>
      <![CDATA[sub]]>
    </system-out>
  </testcase> <!-- sub -->
  <testcase classname="testng.Enable04" name="mul" time="0.009">
    <system-out>
      <![CDATA[mul]]>
    </system-out>
  </testcase> <!-- mul -->
  <testcase classname="testng.Enable04" name="add">
    <skipped/>
  </testcase> <!-- add -->
  <system-out>
    <![CDATA[sub
mul]]>
  </system-out>
</testsuite> <!-- testng.Enable04 -->
