<?xml version="1.0" encoding="UTF-8"?>
<!-- Generated by org.testng.reporters.JUnitReportReporter -->
<testsuite hostname="LAPTOP-AA8JA6P5" failures="0" tests="1" name="testcases.TC_03_UseDropDownFilter" time="17.048" errors="0" timestamp="2026-06-08T10:34:10 IST" skipped="0">
  <testcase classname="testcases.TC_03_UseDropDownFilter" name="UseDropDownFilter" time="17.048"/>
  <system-out>
    <![CDATA[DB open
launch browser
login
logout
close browser
DB close]]>
  </system-out>
</testsuite> <!-- testcases.TC_03_UseDropDownFilter -->
