<?xml version="1.0" encoding="UTF-8"?>
<!-- Generated by org.testng.reporters.JUnitReportReporter -->
<testsuite hostname="LAPTOP-AA8JA6P5" failures="0" tests="3" name="testng.Demo" time="0.017" errors="0" timestamp="2026-06-03T10:52:15 IST" skipped="0">
  <testcase classname="testng.Demo" name="sub" time="0.002">
    <system-out>
      <![CDATA[sub]]>
    </system-out>
  </testcase> <!-- sub -->
  <testcase classname="testng.Demo" name="mul" time="0.002">
    <system-out>
      <![CDATA[mul]]>
    </system-out>
  </testcase> <!-- mul -->
  <testcase classname="testng.Demo" name="add" time="0.013">
    <system-out>
      <![CDATA[add]]>
    </system-out>
  </testcase> <!-- add -->
  <system-out>
    <![CDATA[add
mul
sub]]>
  </system-out>
</testsuite> <!-- testng.Demo -->
