<?xml version="1.0" encoding="UTF-8"?>
<!-- Generated by org.testng.reporters.JUnitReportReporter -->
<testsuite hostname="LAPTOP-AA8JA6P5" failures="0" tests="1" name="testcases.TC_03_UseDropDownFilterTest" time="18.251" errors="0" timestamp="2026-06-10T10:33:14 IST" skipped="0">
  <testcase classname="testcases.TC_03_UseDropDownFilterTest" name="UseDropDownFilterTest" time="18.251"/>
  <system-out>
    <![CDATA[DB open
launch browser
launch browser
launch browser
login
login
login
logout
close browser
logout
close browser
logout
close browser
DB close]]>
  </system-out>
</testsuite> <!-- testcases.TC_03_UseDropDownFilterTest -->
