<?xml version="1.0" encoding="UTF-8"?>
<!-- Generated by org.testng.reporters.JUnitReportReporter -->
<testsuite hostname="LAPTOP-AA8JA6P5" failures="0" tests="4" name="testng.Demo03" time="0.021" errors="0" timestamp="2026-06-03T11:14:31 IST" skipped="0">
  <testcase classname="testng.Demo03" name="banana" time="0.003">
    <system-out>
      <![CDATA[banana]]>
    </system-out>
  </testcase> <!-- banana -->
  <testcase classname="testng.Demo03" name="Orange" time="0.002">
    <system-out>
      <![CDATA[Orange]]>
    </system-out>
  </testcase> <!-- Orange -->
  <testcase classname="testng.Demo03" name="apple" time="0.002">
    <system-out>
      <![CDATA[apple]]>
    </system-out>
  </testcase> <!-- apple -->
  <testcase classname="testng.Demo03" name="Mango" time="0.014">
    <system-out>
      <![CDATA[Mango]]>
    </system-out>
  </testcase> <!-- Mango -->
  <system-out>
    <![CDATA[Mango
Orange
apple
banana]]>
  </system-out>
</testsuite> <!-- testng.Demo03 -->
