<?xml version="1.0" encoding="UTF-8"?>
<!-- Generated by org.testng.reporters.JUnitReportReporter -->
<testsuite hostname="LAPTOP-AA8JA6P5" failures="0" tests="1" name="testcases.TC_02_AddLowestProductToCartTest" time="5.929" errors="0" timestamp="2026-06-11T11:44:34 IST" skipped="0">
  <testcase classname="testcases.TC_02_AddLowestProductToCartTest" name="AddLowestProductToCartTest" time="5.929"/>
  <system-out>
    <![CDATA[DB open
launch browser
login
logout
close browser
DB close]]>
  </system-out>
</testsuite> <!-- testcases.TC_02_AddLowestProductToCartTest -->
