<?xml version="1.0" encoding="UTF-8"?>
<!-- Generated by org.testng.reporters.JUnitReportReporter -->
<testsuite hostname="LAPTOP-AA8JA6P5" failures="0" tests="1" name="testng.NewTest" time="0.012" errors="0" timestamp="2026-06-05T11:34:41 IST" skipped="0">
  <testcase classname="testng.NewTest" name="tc" time="0.012">
    <system-out>
      <![CDATA[tc]]>
    </system-out>
  </testcase> <!-- tc -->
  <system-out>
    <![CDATA[DB open
pre cond
launch browser
login
tc
logout
close browser
post cond
DB close]]>
  </system-out>
</testsuite> <!-- testng.NewTest -->
