<?xml version="1.0" encoding="UTF-8"?>
<!-- Generated by org.testng.reporters.JUnitReportReporter -->
<testsuite hostname="LAPTOP-AA8JA6P5" failures="0" tests="3" name="testng.Depends05" time="0.017" errors="0" timestamp="2026-06-04T14:16:19 IST" skipped="0">
  <testcase classname="testng.Depends05" name="editacc" time="0.002">
    <system-out>
      <![CDATA[edited]]>
    </system-out>
  </testcase> <!-- editacc -->
  <testcase classname="testng.Depends05" name="createacc" time="0.013">
    <system-out>
      <![CDATA[created]]>
    </system-out>
  </testcase> <!-- createacc -->
  <testcase classname="testng.Depends05" name="deleteacc" time="0.002">
    <system-out>
      <![CDATA[deleted]]>
    </system-out>
  </testcase> <!-- deleteacc -->
  <system-out>
    <![CDATA[created
edited
deleted]]>
  </system-out>
</testsuite> <!-- testng.Depends05 -->
