<?xml version="1.0" encoding="UTF-8"?>
<!-- Generated by org.testng.reporters.JUnitReportReporter -->
<testsuite hostname="LAPTOP-AA8JA6P5" failures="0" tests="10" name="testng.TPS03" time="123.770" errors="0" timestamp="2026-06-04T10:55:56 IST" skipped="0">
  <testcase classname="testng.TPS03" name="login" time="16.482"/>
  <testcase classname="testng.TPS03" name="login" time="10.464"/>
  <testcase classname="testng.TPS03" name="login" time="9.826"/>
  <testcase classname="testng.TPS03" name="login" time="16.004"/>
  <testcase classname="testng.TPS03" name="login" time="9.912"/>
  <testcase classname="testng.TPS03" name="login" time="10.833"/>
  <testcase classname="testng.TPS03" name="login" time="15.961"/>
  <testcase classname="testng.TPS03" name="login" time="12.456"/>
  <testcase classname="testng.TPS03" name="login" time="10.704"/>
  <testcase classname="testng.TPS03" name="login" time="11.128"/>
</testsuite> <!-- testng.TPS03 -->
