<?xml version="1.0" encoding="UTF-8"?>
<!-- Generated by org.testng.reporters.JUnitReportReporter -->
<testsuite hostname="LAPTOP-AA8JA6P5" failures="0" tests="4" name="testng.Demo01" time="0.017" errors="0" timestamp="2026-06-03T11:00:19 IST" skipped="0">
  <testcase classname="testng.Demo01" name="a11" time="0.002">
    <system-out>
      <![CDATA[a11]]>
    </system-out>
  </testcase> <!-- a11 -->
  <testcase classname="testng.Demo01" name="a20" time="0.001">
    <system-out>
      <![CDATA[a20]]>
    </system-out>
  </testcase> <!-- a20 -->
  <testcase classname="testng.Demo01" name="a10" time="0.013">
    <system-out>
      <![CDATA[a10]]>
    </system-out>
  </testcase> <!-- a10 -->
  <testcase classname="testng.Demo01" name="a9" time="0.001">
    <system-out>
      <![CDATA[a9]]>
    </system-out>
  </testcase> <!-- a9 -->
  <system-out>
    <![CDATA[a10
a11
a20
a9]]>
  </system-out>
</testsuite> <!-- testng.Demo01 -->
