<?xml version="1.0" encoding="UTF-8"?>
<!-- Generated by org.testng.reporters.JUnitReportReporter -->
<testsuite hostname="LAPTOP-AA8JA6P5" failures="0" tests="3" name="testng.Priority01" time="0.062" errors="0" timestamp="2026-06-04T10:27:36 IST" skipped="0">
  <testcase classname="testng.Priority01" name="sub" time="0.049">
    <system-out>
      <![CDATA[sub]]>
    </system-out>
  </testcase> <!-- sub -->
  <testcase classname="testng.Priority01" name="mul" time="0.007">
    <system-out>
      <![CDATA[mul]]>
    </system-out>
  </testcase> <!-- mul -->
  <testcase classname="testng.Priority01" name="add" time="0.006">
    <system-out>
      <![CDATA[add]]>
    </system-out>
  </testcase> <!-- add -->
  <system-out>
    <![CDATA[sub
mul
add]]>
  </system-out>
</testsuite> <!-- testng.Priority01 -->
