<?xml version="1.0" encoding="UTF-8"?>
<!-- Generated by org.testng.reporters.JUnitReportReporter -->
<testsuite hostname="LAPTOP-AA8JA6P5" failures="0" tests="4" name="testng.Demo02" time="0.020" errors="0" timestamp="2026-06-03T11:02:48 IST" skipped="0">
  <testcase classname="testng.Demo02" name="cricbuz" time="0.002">
    <system-out>
      <![CDATA[cricbuz]]>
    </system-out>
  </testcase> <!-- cricbuz -->
  <testcase classname="testng.Demo02" name="baskin" time="0.003">
    <system-out>
      <![CDATA[baskin]]>
    </system-out>
  </testcase> <!-- baskin -->
  <testcase classname="testng.Demo02" name="bigbaskt" time="0.002">
    <system-out>
      <![CDATA[bigbaskt]]>
    </system-out>
  </testcase> <!-- bigbaskt -->
  <testcase classname="testng.Demo02" name="amazon" time="0.013">
    <system-out>
      <![CDATA[amazon]]>
    </system-out>
  </testcase> <!-- amazon -->
  <system-out>
    <![CDATA[amazon
baskin
bigbaskt
cricbuz]]>
  </system-out>
</testsuite> <!-- testng.Demo02 -->
